0 info it worked if it ends with ok
1 verbose cli [ '/Users/midixon/.nvm/versions/node/v6.2.2/bin/node',
1 verbose cli   '/Users/midixon/.nvm/versions/node/v6.2.2/bin/npm',
1 verbose cli   'run',
1 verbose cli   'serve' ]
2 info using npm@4.0.5
3 info using node@v6.2.2
4 verbose run-script [ 'preserve', 'serve', 'postserve' ]
5 info lifecycle electron-kickstart@1.0.0~preserve: electron-kickstart@1.0.0
6 silly lifecycle electron-kickstart@1.0.0~preserve: no script for preserve, continuing
7 info lifecycle electron-kickstart@1.0.0~serve: electron-kickstart@1.0.0
8 verbose lifecycle electron-kickstart@1.0.0~serve: unsafe-perm in lifecycle true
9 verbose lifecycle electron-kickstart@1.0.0~serve: PATH: /Users/midixon/.nvm/versions/node/v6.2.2/lib/node_modules/npm/bin/node-gyp-bin:/Users/midixon/projects/electron/electron-kickstart/node_modules/.bin:/Users/midixon/.nvm/versions/node/v6.2.2/bin:/usr/local/bin:/usr/bin:/bin:/usr/sbin:/sbin
10 verbose lifecycle electron-kickstart@1.0.0~serve: CWD: /Users/midixon/projects/electron/electron-kickstart
11 silly lifecycle electron-kickstart@1.0.0~serve: Args: [ '-c',
11 silly lifecycle   './bin/serve.js && webpack-dev-server --progress --colors' ]
12 silly lifecycle electron-kickstart@1.0.0~serve: Returned: code: 1  signal: null
13 info lifecycle electron-kickstart@1.0.0~serve: Failed to exec serve script
14 verbose stack Error: electron-kickstart@1.0.0 serve: `./bin/serve.js && webpack-dev-server --progress --colors`
14 verbose stack Exit status 1
14 verbose stack     at EventEmitter.<anonymous> (/Users/midixon/.nvm/versions/node/v6.2.2/lib/node_modules/npm/lib/utils/lifecycle.js:279:16)
14 verbose stack     at emitTwo (events.js:106:13)
14 verbose stack     at EventEmitter.emit (events.js:191:7)
14 verbose stack     at ChildProcess.<anonymous> (/Users/midixon/.nvm/versions/node/v6.2.2/lib/node_modules/npm/lib/utils/spawn.js:40:14)
14 verbose stack     at emitTwo (events.js:106:13)
14 verbose stack     at ChildProcess.emit (events.js:191:7)
14 verbose stack     at maybeClose (internal/child_process.js:852:16)
14 verbose stack     at Process.ChildProcess._handle.onexit (internal/child_process.js:215:5)
15 verbose pkgid electron-kickstart@1.0.0
16 verbose cwd /Users/midixon/projects/electron/electron-kickstart
17 error Darwin 16.3.0
18 error argv "/Users/midixon/.nvm/versions/node/v6.2.2/bin/node" "/Users/midixon/.nvm/versions/node/v6.2.2/bin/npm" "run" "serve"
19 error node v6.2.2
20 error npm  v4.0.5
21 error code ELIFECYCLE
22 error electron-kickstart@1.0.0 serve: `./bin/serve.js && webpack-dev-server --progress --colors`
22 error Exit status 1
23 error Failed at the electron-kickstart@1.0.0 serve script './bin/serve.js && webpack-dev-server --progress --colors'.
23 error Make sure you have the latest version of node.js and npm installed.
23 error If you do, this is most likely a problem with the electron-kickstart package,
23 error not with npm itself.
23 error Tell the author that this fails on your system:
23 error     ./bin/serve.js && webpack-dev-server --progress --colors
23 error You can get information on how to open an issue for this project with:
23 error     npm bugs electron-kickstart
23 error Or if that isn't available, you can get their info via:
23 error     npm owner ls electron-kickstart
23 error There is likely additional logging output above.
24 verbose exit [ 1, true ]
